
----------------------------------------------------
- Log Start Marker                                 -
----------------------------------------------------

[08/16/2018 09:53:12.100] <Info   > 
Processing Command Line Arguments -> Successful {ProcessMgr}
[08/16/2018 09:53:12.167] <Info   > /////////////////////////////////////////////////////////////////////// {ProcessMgr}
[08/16/2018 09:53:12.342] <Info   > Processing Iar {ProcessMgr}
[08/16/2018 09:53:12.417] <Info   > /////////////////////////////////////////////////////////////////////// {ProcessMgr}
[08/16/2018 09:53:12.518] <Info   > Processing Linker Map File {ProcessIar}
[08/16/2018 09:53:12.586] <Info   > 
[ Map File Data ]
 {ProcessMap}
[08/16/2018 09:53:12.673] <Info   > Ram End Address = 0x200048E7 (536889575)
 {SharedMap}
[08/16/2018 09:53:12.721] <Info   > Read Only Code Size = 0x0000D9F1 (55793)
 {SharedMap}
[08/16/2018 09:53:12.817] <Info   > Read Only Data Size = 0x0000220A (8714)
 {SharedMap}
[08/16/2018 09:53:12.895] <Info   > Read Write Data Size = 0x000004CF (1231)
 {SharedMap}
[08/16/2018 09:53:13.008] <Info   > 
[ Stack Size Calculation ]
 {SharedMap}
[08/16/2018 09:53:13.092] <Info   > Stack Size = 0x0000FBFB (64507)
 {SharedMap}
[08/16/2018 09:53:13.145] <Info   > 
Processing Linker Map File -> Successful {ProcessIar}
[08/16/2018 09:53:13.200] <Info   > /////////////////////////////////////////////////////////////////////// {ProcessIar}
[08/16/2018 09:53:13.253] <Info   > Processing Lcf File {ProcessIar}
[08/16/2018 09:53:13.311] <Info   > 
[ Lcf File Data ]
 {ProcessLcf}
[08/16/2018 09:53:13.359] <Info   > Chip Name = CC2640
 {SharedLcf}
[08/16/2018 09:53:13.412] <Info   > Nv Pages = not_used
 {SharedLcf}
[08/16/2018 09:53:13.468] <Info   > Ram Size = 0x00005000 (20480)
 {SharedLcf}
[08/16/2018 09:53:13.517] <Info   > Flash Size = 0x00020000 (131072)
 {SharedLcf}
[08/16/2018 09:53:13.567] <Info   > Page Size = 0x00001000 (4096)
 {SharedLcf}
[08/16/2018 09:53:13.645] <Info   > Reserved Pages = 0x00000001 (1)
 {SharedLcf}
[08/16/2018 09:53:13.701] <Info   > 
[ Flash Boundary Calculation ]
 {SharedLcf}
[08/16/2018 09:53:13.767] <Info   > Bytes Used In Last Page Of Image = 0x00000BFB (3067)
 {SharedLcf}
[08/16/2018 09:53:13.817] <Info   > Bytes Unused In Last Page Of Image = 0x00000405 (1029)
 {SharedLcf}
[08/16/2018 09:53:13.893] <Info   > Used Stack Pages = 0x00000010 (16)
 {SharedLcf}
[08/16/2018 09:53:13.942] <Info   > NV Pages = 0x00000000 (0)
 {SharedLcf}
[08/16/2018 09:53:14.000] <Info   > Reserved Pages = 0x00000001 (1)
 {SharedLcf}
[08/16/2018 09:53:14.092] <Info   > Total Used Pages = 0x00000011 (17)
 {SharedLcf}
[08/16/2018 09:53:14.142] <Info   > Flash Boundary Address = 0x0000F000 (61440)
 {SharedLcf}
[08/16/2018 09:53:14.255] <Info   > 
[ Ram Boundary Calculation ]
 {SharedLcf}
[08/16/2018 09:53:14.359] <Info   > Margin Bytes = 0x002A (42)
 {SharedLcf}
[08/16/2018 09:53:14.426] <Info   > Unadjusted Ram Start Address = 0x200043EE (536888302)
 {SharedLcf}
[08/16/2018 09:53:14.476] <Info   > Alignment Value = 0x04 (4)
 {SharedLcf}
[08/16/2018 09:53:14.528] <Info   > Final Alignment Value = 0x06 (6)
 {SharedLcf}
[08/16/2018 09:53:14.583] <Info   > Total Ram Size = 0x000004FF (1279)
 {SharedLcf}
[08/16/2018 09:53:14.637] <Info   > Ram Boundary Address = 0x200043E8 (536888296)
 {SharedLcf}
[08/16/2018 09:53:14.693] <Info   > 
[ Nv Boundary Calculation ]
 {SharedLcf}
[08/16/2018 09:53:14.746] <Info   > Reserved Size = 0x00001000 (4096)
 {SharedLcf}
[08/16/2018 09:53:14.808] <Info   > Reserved End = 0x0001FFFF (131071)
 {SharedLcf}
[08/16/2018 09:53:14.890] <Info   > Reserved Start = 0x0001F000 (126976)
 {SharedLcf}
[08/16/2018 09:53:14.942] <Info   > Nv Size = 0x00000000 (0)
 {SharedLcf}
[08/16/2018 09:53:14.992] <Info   > 
Processing Lcf File -> Successful {ProcessIar}
[08/16/2018 09:53:15.075] <Info   > /////////////////////////////////////////////////////////////////////// {ProcessIar}
[08/16/2018 09:53:15.129] <Info   > Processing Project Config Files {ProcessIar}
[08/16/2018 09:53:15.184] <Info   > 
[ Compiler Config Settings ]
 {ProcessCfg}
[08/16/2018 09:53:15.240] <Info   > Compiler Flash Config Page = 0x0000F000 (61440)
 {ProcessCfg}
[08/16/2018 09:53:15.292] <Info   > Compiler Flash Config Boundary Page Matches Expected Boundary
 {ProcessCfg}
[08/16/2018 09:53:15.359] <Info   > 
[ Linker Config Settings ]
 {ProcessCfg}
[08/16/2018 09:53:15.409] <Info   > Linker Flash Config Page = 0x0000F000 (61440)
 {ProcessCfg}
[08/16/2018 09:53:15.487] <Info   > Linker Flash Config Boundary Page Matches Expected Boundary
 {ProcessCfg}
[08/16/2018 09:53:15.543] <Info   > Linker Ram Config Page = 0x200043E8 (536888296)
 {ProcessCfg}
[08/16/2018 09:53:15.646] <Info   > Linker Ram Config Boundary Page Matches Expected Boundary
 {ProcessCfg}
[08/16/2018 09:53:15.701] <Info   > 
Processing Project Config Files -> Successful {ProcessIar}
[08/16/2018 09:53:15.784] <Info   > /////////////////////////////////////////////////////////////////////// {ProcessIar}
[08/16/2018 09:53:15.834] <Info   > Boundary Operation Complete {ProcessMgr}
[08/16/2018 09:53:15.913] <Info   > /////////////////////////////////////////////////////////////////////// {ProcessMgr}

----------------------------------------------------
- Log Start Marker                                 -
----------------------------------------------------

[08/16/2018 11:26:30.198] <Info   > 
Processing Command Line Arguments -> Successful {ProcessMgr}
[08/16/2018 11:26:30.252] <Info   > /////////////////////////////////////////////////////////////////////// {ProcessMgr}
[08/16/2018 11:26:30.379] <Info   > Processing Iar {ProcessMgr}
[08/16/2018 11:26:30.430] <Info   > /////////////////////////////////////////////////////////////////////// {ProcessMgr}
[08/16/2018 11:26:30.488] <Info   > Processing Linker Map File {ProcessIar}
[08/16/2018 11:26:30.542] <Info   > 
[ Map File Data ]
 {ProcessMap}
[08/16/2018 11:26:30.599] <Info   > Ram End Address = 0x200048E7 (536889575)
 {SharedMap}
[08/16/2018 11:26:30.661] <Info   > Read Only Code Size = 0x0000D9F1 (55793)
 {SharedMap}
[08/16/2018 11:26:30.711] <Info   > Read Only Data Size = 0x0000220A (8714)
 {SharedMap}
[08/16/2018 11:26:30.765] <Info   > Read Write Data Size = 0x000004CF (1231)
 {SharedMap}
[08/16/2018 11:26:30.848] <Info   > 
[ Stack Size Calculation ]
 {SharedMap}
[08/16/2018 11:26:30.939] <Info   > Stack Size = 0x0000FBFB (64507)
 {SharedMap}
[08/16/2018 11:26:31.006] <Info   > 
Processing Linker Map File -> Successful {ProcessIar}
[08/16/2018 11:26:31.061] <Info   > /////////////////////////////////////////////////////////////////////// {ProcessIar}
[08/16/2018 11:26:31.111] <Info   > Processing Lcf File {ProcessIar}
[08/16/2018 11:26:31.168] <Info   > 
[ Lcf File Data ]
 {ProcessLcf}
[08/16/2018 11:26:31.238] <Info   > Chip Name = CC2640
 {SharedLcf}
[08/16/2018 11:26:31.287] <Info   > Nv Pages = not_used
 {SharedLcf}
[08/16/2018 11:26:31.371] <Info   > Ram Size = 0x00005000 (20480)
 {SharedLcf}
[08/16/2018 11:26:31.454] <Info   > Flash Size = 0x00020000 (131072)
 {SharedLcf}
[08/16/2018 11:26:31.536] <Info   > Page Size = 0x00001000 (4096)
 {SharedLcf}
[08/16/2018 11:26:31.661] <Info   > Reserved Pages = 0x00000001 (1)
 {SharedLcf}
[08/16/2018 11:26:31.712] <Info   > 
[ Flash Boundary Calculation ]
 {SharedLcf}
[08/16/2018 11:26:31.823] <Info   > Bytes Used In Last Page Of Image = 0x00000BFB (3067)
 {SharedLcf}
[08/16/2018 11:26:31.878] <Info   > Bytes Unused In Last Page Of Image = 0x00000405 (1029)
 {SharedLcf}
[08/16/2018 11:26:31.928] <Info   > Used Stack Pages = 0x00000010 (16)
 {SharedLcf}
[08/16/2018 11:26:31.978] <Info   > NV Pages = 0x00000000 (0)
 {SharedLcf}
[08/16/2018 11:26:32.044] <Info   > Reserved Pages = 0x00000001 (1)
 {SharedLcf}
[08/16/2018 11:26:32.120] <Info   > Total Used Pages = 0x00000011 (17)
 {SharedLcf}
[08/16/2018 11:26:32.273] <Info   > Flash Boundary Address = 0x0000F000 (61440)
 {SharedLcf}
[08/16/2018 11:26:32.334] <Info   > 
[ Ram Boundary Calculation ]
 {SharedLcf}
[08/16/2018 11:26:32.380] <Info   > Margin Bytes = 0x002A (42)
 {SharedLcf}
[08/16/2018 11:26:32.428] <Info   > Unadjusted Ram Start Address = 0x200043EE (536888302)
 {SharedLcf}
[08/16/2018 11:26:32.495] <Info   > Alignment Value = 0x04 (4)
 {SharedLcf}
[08/16/2018 11:26:32.549] <Info   > Final Alignment Value = 0x06 (6)
 {SharedLcf}
[08/16/2018 11:26:32.612] <Info   > Total Ram Size = 0x000004FF (1279)
 {SharedLcf}
[08/16/2018 11:26:32.700] <Info   > Ram Boundary Address = 0x200043E8 (536888296)
 {SharedLcf}
[08/16/2018 11:26:32.755] <Info   > 
[ Nv Boundary Calculation ]
 {SharedLcf}
[08/16/2018 11:26:32.862] <Info   > Reserved Size = 0x00001000 (4096)
 {SharedLcf}
[08/16/2018 11:26:32.928] <Info   > Reserved End = 0x0001FFFF (131071)
 {SharedLcf}
[08/16/2018 11:26:33.054] <Info   > Reserved Start = 0x0001F000 (126976)
 {SharedLcf}
[08/16/2018 11:26:33.119] <Info   > Nv Size = 0x00000000 (0)
 {SharedLcf}
[08/16/2018 11:26:33.169] <Info   > 
Processing Lcf File -> Successful {ProcessIar}
[08/16/2018 11:26:33.256] <Info   > /////////////////////////////////////////////////////////////////////// {ProcessIar}
[08/16/2018 11:26:33.319] <Info   > Processing Project Config Files {ProcessIar}
[08/16/2018 11:26:33.420] <Info   > 
[ Compiler Config Settings ]
 {ProcessCfg}
[08/16/2018 11:26:33.479] <Info   > Compiler Flash Config Page = 0x0000F000 (61440)
 {ProcessCfg}
[08/16/2018 11:26:33.599] <Info   > Compiler Flash Config Boundary Page Matches Expected Boundary
 {ProcessCfg}
[08/16/2018 11:26:33.720] <Info   > 
[ Linker Config Settings ]
 {ProcessCfg}
[08/16/2018 11:26:33.770] <Info   > Linker Flash Config Page = 0x0000F000 (61440)
 {ProcessCfg}
[08/16/2018 11:26:33.820] <Info   > Linker Flash Config Boundary Page Matches Expected Boundary
 {ProcessCfg}
[08/16/2018 11:26:33.870] <Info   > Linker Ram Config Page = 0x200043E8 (536888296)
 {ProcessCfg}
[08/16/2018 11:26:33.924] <Info   > Linker Ram Config Boundary Page Matches Expected Boundary
 {ProcessCfg}
[08/16/2018 11:26:34.020] <Info   > 
Processing Project Config Files -> Successful {ProcessIar}
[08/16/2018 11:26:34.070] <Info   > /////////////////////////////////////////////////////////////////////// {ProcessIar}
[08/16/2018 11:26:34.120] <Info   > Boundary Operation Complete {ProcessMgr}
[08/16/2018 11:26:34.174] <Info   > /////////////////////////////////////////////////////////////////////// {ProcessMgr}

----------------------------------------------------
- Log Start Marker                                 -
----------------------------------------------------

[08/20/2018 10:44:05.148] <Info   > 
Processing Command Line Arguments -> Successful {ProcessMgr}
[08/20/2018 10:44:05.265] <Info   > /////////////////////////////////////////////////////////////////////// {ProcessMgr}
[08/20/2018 10:44:05.372] <Info   > Processing Iar {ProcessMgr}
[08/20/2018 10:44:05.468] <Info   > /////////////////////////////////////////////////////////////////////// {ProcessMgr}
[08/20/2018 10:44:05.522] <Info   > Processing Linker Map File {ProcessIar}
[08/20/2018 10:44:05.582] <Info   > 
[ Map File Data ]
 {ProcessMap}
[08/20/2018 10:44:05.646] <Info   > Ram End Address = 0x200048E7 (536889575)
 {SharedMap}
[08/20/2018 10:44:05.766] <Info   > Read Only Code Size = 0x0000D9F1 (55793)
 {SharedMap}
[08/20/2018 10:44:05.884] <Info   > Read Only Data Size = 0x0000220A (8714)
 {SharedMap}
[08/20/2018 10:44:05.967] <Info   > Read Write Data Size = 0x000004CF (1231)
 {SharedMap}
[08/20/2018 10:44:06.023] <Info   > 
[ Stack Size Calculation ]
 {SharedMap}
[08/20/2018 10:44:06.100] <Info   > Stack Size = 0x0000FBFB (64507)
 {SharedMap}
[08/20/2018 10:44:06.170] <Info   > 
Processing Linker Map File -> Successful {ProcessIar}
[08/20/2018 10:44:06.235] <Info   > /////////////////////////////////////////////////////////////////////// {ProcessIar}
[08/20/2018 10:44:06.302] <Info   > Processing Lcf File {ProcessIar}
[08/20/2018 10:44:06.358] <Info   > 
[ Lcf File Data ]
 {ProcessLcf}
[08/20/2018 10:44:06.428] <Info   > Chip Name = CC2640
 {SharedLcf}
[08/20/2018 10:44:06.494] <Info   > Nv Pages = not_used
 {SharedLcf}
[08/20/2018 10:44:06.569] <Info   > Ram Size = 0x00005000 (20480)
 {SharedLcf}
[08/20/2018 10:44:06.635] <Info   > Flash Size = 0x00020000 (131072)
 {SharedLcf}
[08/20/2018 10:44:06.697] <Info   > Page Size = 0x00001000 (4096)
 {SharedLcf}
[08/20/2018 10:44:06.754] <Info   > Reserved Pages = 0x00000001 (1)
 {SharedLcf}
[08/20/2018 10:44:06.804] <Info   > 
[ Flash Boundary Calculation ]
 {SharedLcf}
[08/20/2018 10:44:06.852] <Info   > Bytes Used In Last Page Of Image = 0x00000BFB (3067)
 {SharedLcf}
[08/20/2018 10:44:06.906] <Info   > Bytes Unused In Last Page Of Image = 0x00000405 (1029)
 {SharedLcf}
[08/20/2018 10:44:06.960] <Info   > Used Stack Pages = 0x00000010 (16)
 {SharedLcf}
[08/20/2018 10:44:07.030] <Info   > NV Pages = 0x00000000 (0)
 {SharedLcf}
[08/20/2018 10:44:07.140] <Info   > Reserved Pages = 0x00000001 (1)
 {SharedLcf}
[08/20/2018 10:44:07.210] <Info   > Total Used Pages = 0x00000011 (17)
 {SharedLcf}
[08/20/2018 10:44:07.261] <Info   > Flash Boundary Address = 0x0000F000 (61440)
 {SharedLcf}
[08/20/2018 10:44:07.340] <Info   > 
[ Ram Boundary Calculation ]
 {SharedLcf}
[08/20/2018 10:44:07.394] <Info   > Margin Bytes = 0x002A (42)
 {SharedLcf}
[08/20/2018 10:44:07.447] <Info   > Unadjusted Ram Start Address = 0x200043EE (536888302)
 {SharedLcf}
[08/20/2018 10:44:07.503] <Info   > Alignment Value = 0x04 (4)
 {SharedLcf}
[08/20/2018 10:44:07.586] <Info   > Final Alignment Value = 0x06 (6)
 {SharedLcf}
[08/20/2018 10:44:07.665] <Info   > Total Ram Size = 0x000004FF (1279)
 {SharedLcf}
[08/20/2018 10:44:07.739] <Info   > Ram Boundary Address = 0x200043E8 (536888296)
 {SharedLcf}
[08/20/2018 10:44:07.797] <Info   > 
[ Nv Boundary Calculation ]
 {SharedLcf}
[08/20/2018 10:44:07.852] <Info   > Reserved Size = 0x00001000 (4096)
 {SharedLcf}
[08/20/2018 10:44:07.902] <Info   > Reserved End = 0x0001FFFF (131071)
 {SharedLcf}
[08/20/2018 10:44:07.953] <Info   > Reserved Start = 0x0001F000 (126976)
 {SharedLcf}
[08/20/2018 10:44:08.053] <Info   > Nv Size = 0x00000000 (0)
 {SharedLcf}
[08/20/2018 10:44:08.102] <Info   > 
Processing Lcf File -> Successful {ProcessIar}
[08/20/2018 10:44:08.194] <Info   > /////////////////////////////////////////////////////////////////////// {ProcessIar}
[08/20/2018 10:44:08.244] <Info   > Processing Project Config Files {ProcessIar}
[08/20/2018 10:44:08.319] <Info   > 
[ Compiler Config Settings ]
 {ProcessCfg}
[08/20/2018 10:44:08.376] <Info   > Compiler Flash Config Page = 0x0000F000 (61440)
 {ProcessCfg}
[08/20/2018 10:44:08.506] <Info   > Compiler Flash Config Boundary Page Matches Expected Boundary
 {ProcessCfg}
[08/20/2018 10:44:08.586] <Info   > 
[ Linker Config Settings ]
 {ProcessCfg}
[08/20/2018 10:44:08.650] <Info   > Linker Flash Config Page = 0x0000F000 (61440)
 {ProcessCfg}
[08/20/2018 10:44:08.756] <Info   > Linker Flash Config Boundary Page Matches Expected Boundary
 {ProcessCfg}
[08/20/2018 10:44:10.690] <Info   > Linker Ram Config Page = 0x200043E8 (536888296)
 {ProcessCfg}
[08/20/2018 10:44:10.746] <Info   > Linker Ram Config Boundary Page Matches Expected Boundary
 {ProcessCfg}
[08/20/2018 10:44:10.796] <Info   > 
Processing Project Config Files -> Successful {ProcessIar}
[08/20/2018 10:44:10.848] <Info   > /////////////////////////////////////////////////////////////////////// {ProcessIar}
[08/20/2018 10:44:10.929] <Info   > Boundary Operation Complete {ProcessMgr}
[08/20/2018 10:44:11.021] <Info   > /////////////////////////////////////////////////////////////////////// {ProcessMgr}

----------------------------------------------------
- Log Start Marker                                 -
----------------------------------------------------

[08/20/2018 01:38:05.587] <Info   > 
Processing Command Line Arguments -> Successful {ProcessMgr}
[08/20/2018 01:38:05.641] <Info   > /////////////////////////////////////////////////////////////////////// {ProcessMgr}
[08/20/2018 01:38:05.750] <Info   > Processing Iar {ProcessMgr}
[08/20/2018 01:38:05.805] <Info   > /////////////////////////////////////////////////////////////////////// {ProcessMgr}
[08/20/2018 01:38:05.862] <Info   > Processing Linker Map File {ProcessIar}
[08/20/2018 01:38:05.979] <Info   > 
[ Map File Data ]
 {ProcessMap}
[08/20/2018 01:38:06.058] <Info   > Ram End Address = 0x200048E7 (536889575)
 {SharedMap}
[08/20/2018 01:38:06.180] <Info   > Read Only Code Size = 0x0000D9F1 (55793)
 {SharedMap}
[08/20/2018 01:38:06.270] <Info   > Read Only Data Size = 0x0000220A (8714)
 {SharedMap}
[08/20/2018 01:38:06.324] <Info   > Read Write Data Size = 0x000004CF (1231)
 {SharedMap}
[08/20/2018 01:38:06.387] <Info   > 
[ Stack Size Calculation ]
 {SharedMap}
[08/20/2018 01:38:06.436] <Info   > Stack Size = 0x0000FBFB (64507)
 {SharedMap}
[08/20/2018 01:38:06.486] <Info   > 
Processing Linker Map File -> Successful {ProcessIar}
[08/20/2018 01:38:06.540] <Info   > /////////////////////////////////////////////////////////////////////// {ProcessIar}
[08/20/2018 01:38:06.595] <Info   > Processing Lcf File {ProcessIar}
[08/20/2018 01:38:06.648] <Info   > 
[ Lcf File Data ]
 {ProcessLcf}
[08/20/2018 01:38:06.720] <Info   > Chip Name = CC2640
 {SharedLcf}
[08/20/2018 01:38:06.770] <Info   > Nv Pages = not_used
 {SharedLcf}
[08/20/2018 01:38:06.823] <Info   > Ram Size = 0x00005000 (20480)
 {SharedLcf}
[08/20/2018 01:38:06.879] <Info   > Flash Size = 0x00020000 (131072)
 {SharedLcf}
[08/20/2018 01:38:06.932] <Info   > Page Size = 0x00001000 (4096)
 {SharedLcf}
[08/20/2018 01:38:06.987] <Info   > Reserved Pages = 0x00000001 (1)
 {SharedLcf}
[08/20/2018 01:38:07.039] <Info   > 
[ Flash Boundary Calculation ]
 {SharedLcf}
[08/20/2018 01:38:07.087] <Info   > Bytes Used In Last Page Of Image = 0x00000BFB (3067)
 {SharedLcf}
[08/20/2018 01:38:07.137] <Info   > Bytes Unused In Last Page Of Image = 0x00000405 (1029)
 {SharedLcf}
[08/20/2018 01:38:07.187] <Info   > Used Stack Pages = 0x00000010 (16)
 {SharedLcf}
[08/20/2018 01:38:07.237] <Info   > NV Pages = 0x00000000 (0)
 {SharedLcf}
[08/20/2018 01:38:07.289] <Info   > Reserved Pages = 0x00000001 (1)
 {SharedLcf}
[08/20/2018 01:38:07.345] <Info   > Total Used Pages = 0x00000011 (17)
 {SharedLcf}
[08/20/2018 01:38:07.448] <Info   > Flash Boundary Address = 0x0000F000 (61440)
 {SharedLcf}
[08/20/2018 01:38:07.514] <Info   > 
[ Ram Boundary Calculation ]
 {SharedLcf}
[08/20/2018 01:38:07.562] <Info   > Margin Bytes = 0x002A (42)
 {SharedLcf}
[08/20/2018 01:38:07.614] <Info   > Unadjusted Ram Start Address = 0x200043EE (536888302)
 {SharedLcf}
[08/20/2018 01:38:07.671] <Info   > Alignment Value = 0x04 (4)
 {SharedLcf}
[08/20/2018 01:38:07.724] <Info   > Final Alignment Value = 0x06 (6)
 {SharedLcf}
[08/20/2018 01:38:07.828] <Info   > Total Ram Size = 0x000004FF (1279)
 {SharedLcf}
[08/20/2018 01:38:07.912] <Info   > Ram Boundary Address = 0x200043E8 (536888296)
 {SharedLcf}
[08/20/2018 01:38:07.971] <Info   > 
[ Nv Boundary Calculation ]
 {SharedLcf}
[08/20/2018 01:38:08.030] <Info   > Reserved Size = 0x00001000 (4096)
 {SharedLcf}
[08/20/2018 01:38:08.109] <Info   > Reserved End = 0x0001FFFF (131071)
 {SharedLcf}
[08/20/2018 01:38:08.162] <Info   > Reserved Start = 0x0001F000 (126976)
 {SharedLcf}
[08/20/2018 01:38:08.215] <Info   > Nv Size = 0x00000000 (0)
 {SharedLcf}
[08/20/2018 01:38:08.329] <Info   > 
Processing Lcf File -> Successful {ProcessIar}
[08/20/2018 01:38:08.382] <Info   > /////////////////////////////////////////////////////////////////////// {ProcessIar}
[08/20/2018 01:38:08.438] <Info   > Processing Project Config Files {ProcessIar}
[08/20/2018 01:38:08.488] <Info   > 
[ Compiler Config Settings ]
 {ProcessCfg}
[08/20/2018 01:38:08.550] <Info   > Compiler Flash Config Page = 0x0000F000 (61440)
 {ProcessCfg}
[08/20/2018 01:38:08.621] <Info   > Compiler Flash Config Boundary Page Matches Expected Boundary
 {ProcessCfg}
[08/20/2018 01:38:08.671] <Info   > 
[ Linker Config Settings ]
 {ProcessCfg}
[08/20/2018 01:38:08.721] <Info   > Linker Flash Config Page = 0x0000F000 (61440)
 {ProcessCfg}
[08/20/2018 01:38:08.791] <Info   > Linker Flash Config Boundary Page Matches Expected Boundary
 {ProcessCfg}
[08/20/2018 01:38:08.846] <Info   > Linker Ram Config Page = 0x200043E8 (536888296)
 {ProcessCfg}
[08/20/2018 01:38:08.896] <Info   > Linker Ram Config Boundary Page Matches Expected Boundary
 {ProcessCfg}
[08/20/2018 01:38:08.948] <Info   > 
Processing Project Config Files -> Successful {ProcessIar}
[08/20/2018 01:38:09.003] <Info   > /////////////////////////////////////////////////////////////////////// {ProcessIar}
[08/20/2018 01:38:09.081] <Info   > Boundary Operation Complete {ProcessMgr}
[08/20/2018 01:38:09.137] <Info   > /////////////////////////////////////////////////////////////////////// {ProcessMgr}
